<?xml version="1.0" encoding="UTF-8"?>
<!-- Generated by org.testng.reporters.JUnitXMLReporter -->
<testsuite hostname="DEV_TEST_JOYDIP" ignored="0" name="Test4" tests="4" failures="1" timestamp="22 Nov 2018 09:22:50 GMT" time="1169.369" errors="0">
  <testcase name="NRDA_RTI_SC_13_TC_01" time="15.025" classname="NRDA_RTI.NRDA_RTILoginEEVerified"/>
  <testcase name="NRDA_RTI_SC_13_TC_03" time="369.487" classname="NRDA_RTI.NRDA_RTILoginEEVerified"/>
  <testcase name="NRDA_RTI_SC_13_TC_04" time="368.708" classname="NRDA_RTI.NRDA_RTILoginEEVerified">
    <failure type="org.openqa.selenium.WebDriverException" message="unknown error: Element &amp;lt;a href=&amp;quot;#inboxForm:docAccordionPanel:j_id530723777_9ce60ab&amp;quot; tabindex=&amp;quot;0&amp;quot; style=&amp;quot;color: blue; border: 2px solid Magenta;&amp;quot;&amp;gt;...&amp;lt;/a&amp;gt; is not clickable at point (844, 15). Other element would receive the click: &amp;lt;div id=&amp;quot;j_id3344373_11839894_modal&amp;quot; class=&amp;quot;ui-widget-overlay&amp;quot; style=&amp;quot;width: 1364px; height: 1231px; z-index: 1002;&amp;quot;&amp;gt;&amp;lt;/div&amp;gt;
  (Session info: chrome=70.0.3538.102)
  (Driver info: chromedriver=2.38.552522 (437e6fbedfa8762dec75e2c5b3ddb86763dc9dcb),platform=Windows NT 10.0.10240 x86_64) (WARNING: The server did not provide any stacktrace information)
Command duration or timeout: 0 milliseconds
Build info: version: &amp;apos;3.7.1&amp;apos;, revision: &amp;apos;8a0099a&amp;apos;, time: &amp;apos;2017-11-06T21:01:39.354Z&amp;apos;
System info: host: &amp;apos;DEV_TEST_JOYDIP&amp;apos;, ip: &amp;apos;192.168.141.177&amp;apos;, os.name: &amp;apos;Windows 10&amp;apos;, os.arch: &amp;apos;amd64&amp;apos;, os.version: &amp;apos;10.0&amp;apos;, java.version: &amp;apos;1.8.0_181&amp;apos;
Driver info: org.openqa.selenium.chrome.ChromeDriver
Capabilities {acceptInsecureCerts: false, acceptSslCerts: false, applicationCacheEnabled: false, browserConnectionEnabled: false, browserName: chrome, chrome: {chromedriverVersion: 2.38.552522 (437e6fbedfa876..., userDataDir: C:\Users\JOYDIP~1.BHA\AppDa...}, cssSelectorsEnabled: true, databaseEnabled: false, handlesAlerts: true, hasTouchScreen: false, javascriptEnabled: true, locationContextEnabled: true, mobileEmulationEnabled: false, nativeEvents: true, networkConnectionEnabled: false, pageLoadStrategy: normal, platform: XP, platformName: XP, rotatable: false, setWindowRect: true, takesHeapSnapshot: true, takesScreenshot: true, unexpectedAlertBehaviour: , unhandledPromptBehavior: , version: 70.0.3538.102, webStorageEnabled: true}
Session ID: 0f0f6e41cb011fa09e268879de1385f4">
      <![CDATA[org.openqa.selenium.WebDriverException: unknown error: Element <a href="#inboxForm:docAccordionPanel:j_id530723777_9ce60ab" tabindex="0" style="color: blue; border: 2px solid Magenta;">...</a> is not clickable at point (844, 15). Other element would receive the click: <div id="j_id3344373_11839894_modal" class="ui-widget-overlay" style="width: 1364px; height: 1231px; z-index: 1002;"></div>
  (Session info: chrome=70.0.3538.102)
  (Driver info: chromedriver=2.38.552522 (437e6fbedfa8762dec75e2c5b3ddb86763dc9dcb),platform=Windows NT 10.0.10240 x86_64) (WARNING: The server did not provide any stacktrace information)
Command duration or timeout: 0 milliseconds
Build info: version: '3.7.1', revision: '8a0099a', time: '2017-11-06T21:01:39.354Z'
System info: host: 'DEV_TEST_JOYDIP', ip: '192.168.141.177', os.name: 'Windows 10', os.arch: 'amd64', os.version: '10.0', java.version: '1.8.0_181'
Driver info: org.openqa.selenium.chrome.ChromeDriver
Capabilities {acceptInsecureCerts: false, acceptSslCerts: false, applicationCacheEnabled: false, browserConnectionEnabled: false, browserName: chrome, chrome: {chromedriverVersion: 2.38.552522 (437e6fbedfa876..., userDataDir: C:\Users\JOYDIP~1.BHA\AppDa...}, cssSelectorsEnabled: true, databaseEnabled: false, handlesAlerts: true, hasTouchScreen: false, javascriptEnabled: true, locationContextEnabled: true, mobileEmulationEnabled: false, nativeEvents: true, networkConnectionEnabled: false, pageLoadStrategy: normal, platform: XP, platformName: XP, rotatable: false, setWindowRect: true, takesHeapSnapshot: true, takesScreenshot: true, unexpectedAlertBehaviour: , unhandledPromptBehavior: , version: 70.0.3538.102, webStorageEnabled: true}
Session ID: 0f0f6e41cb011fa09e268879de1385f4
at org.openqa.selenium.remote.ErrorHandler.createThrowable(ErrorHandler.java:214)
at org.openqa.selenium.remote.ErrorHandler.throwIfResponseFailed(ErrorHandler.java:166)
at org.openqa.selenium.remote.http.JsonHttpResponseCodec.reconstructValue(JsonHttpResponseCodec.java:40)
at org.openqa.selenium.remote.http.AbstractHttpResponseCodec.decode(AbstractHttpResponseCodec.java:80)
at org.openqa.selenium.remote.http.AbstractHttpResponseCodec.decode(AbstractHttpResponseCodec.java:44)
at org.openqa.selenium.remote.HttpCommandExecutor.execute(HttpCommandExecutor.java:164)
at org.openqa.selenium.remote.service.DriverCommandExecutor.execute(DriverCommandExecutor.java:83)
at org.openqa.selenium.remote.RemoteWebDriver.execute(RemoteWebDriver.java:600)
at org.openqa.selenium.remote.RemoteWebElement.execute(RemoteWebElement.java:279)
at org.openqa.selenium.remote.RemoteWebElement.click(RemoteWebElement.java:83)
at org.openqa.selenium.support.pagefactory.internal.LocatingElementHandler.invoke(LocatingElementHandler.java:51)
at com.sun.proxy.$Proxy13.click(Unknown Source)
at NRDA_RTI.ToverifyRTILoginAsEEverified.toverifytheRTIInformationtab1(ToverifyRTILoginAsEEverified.java:364)
at NRDA_RTI.NRDA_RTILoginEEVerified.NRDA_RTI_SC_13_TC_04(NRDA_RTILoginEEVerified.java:92)
... Removed 33 stack frames]]>
    </failure>
  </testcase> <!-- NRDA_RTI_SC_13_TC_04 -->
  <testcase name="NRDA_RTI_SC_13_TC_05" time="380.346" classname="NRDA_RTI.NRDA_RTILoginEEVerified"/>
</testsuite> <!-- Test4 -->
