<?xml version="1.0" encoding="UTF-8"?>
<!-- Generated by org.testng.reporters.JUnitXMLReporter -->
<testsuite hostname="DEV_TEST_JOYDIP" ignored="13" name="Test1" tests="1" failures="1" timestamp="22 Nov 2018 06:23:18 GMT" time="529.244" errors="0">
  <testcase name="NRDA_RTI_SC_09_TC_20" time="519.454" classname="NRDA_RTI.NRDA_RTILoginAsmanager">
    <failure type="org.openqa.selenium.NoSuchElementException" message="no such element: Unable to locate element: {&amp;quot;method&amp;quot;:&amp;quot;xpath&amp;quot;,&amp;quot;selector&amp;quot;:&amp;quot;//div[@id=&amp;apos;inboxForm:j_id1579879931_9a41a3d&amp;apos;]//div[@class=&amp;apos;ui-selectonemenu-trigger ui-state-default ui-corner-right&amp;apos;]&amp;quot;}
  (Session info: chrome=70.0.3538.102)
  (Driver info: chromedriver=2.38.552522 (437e6fbedfa8762dec75e2c5b3ddb86763dc9dcb),platform=Windows NT 10.0.10240 x86_64) (WARNING: The server did not provide any stacktrace information)
Command duration or timeout: 0 milliseconds
For documentation on this error, please visit: http://seleniumhq.org/exceptions/no_such_element.html
Build info: version: &amp;apos;3.7.1&amp;apos;, revision: &amp;apos;8a0099a&amp;apos;, time: &amp;apos;2017-11-06T21:01:39.354Z&amp;apos;
System info: host: &amp;apos;DEV_TEST_JOYDIP&amp;apos;, ip: &amp;apos;192.168.141.177&amp;apos;, os.name: &amp;apos;Windows 10&amp;apos;, os.arch: &amp;apos;amd64&amp;apos;, os.version: &amp;apos;10.0&amp;apos;, java.version: &amp;apos;1.8.0_181&amp;apos;
Driver info: org.openqa.selenium.chrome.ChromeDriver
Capabilities {acceptInsecureCerts: false, acceptSslCerts: false, applicationCacheEnabled: false, browserConnectionEnabled: false, browserName: chrome, chrome: {chromedriverVersion: 2.38.552522 (437e6fbedfa876..., userDataDir: C:\Users\JOYDIP~1.BHA\AppDa...}, cssSelectorsEnabled: true, databaseEnabled: false, handlesAlerts: true, hasTouchScreen: false, javascriptEnabled: true, locationContextEnabled: true, mobileEmulationEnabled: false, nativeEvents: true, networkConnectionEnabled: false, pageLoadStrategy: normal, platform: XP, platformName: XP, rotatable: false, setWindowRect: true, takesHeapSnapshot: true, takesScreenshot: true, unexpectedAlertBehaviour: , unhandledPromptBehavior: , version: 70.0.3538.102, webStorageEnabled: true}
Session ID: da64d1352cab5f3986d156cb78a34b15
*** Element info: {Using=xpath, value=//div[@id=&amp;apos;inboxForm:j_id1579879931_9a41a3d&amp;apos;]//div[@class=&amp;apos;ui-selectonemenu-trigger ui-state-default ui-corner-right&amp;apos;]}">
      <![CDATA[org.openqa.selenium.NoSuchElementException: no such element: Unable to locate element: {"method":"xpath","selector":"//div[@id='inboxForm:j_id1579879931_9a41a3d']//div[@class='ui-selectonemenu-trigger ui-state-default ui-corner-right']"}
  (Session info: chrome=70.0.3538.102)
  (Driver info: chromedriver=2.38.552522 (437e6fbedfa8762dec75e2c5b3ddb86763dc9dcb),platform=Windows NT 10.0.10240 x86_64) (WARNING: The server did not provide any stacktrace information)
Command duration or timeout: 0 milliseconds
For documentation on this error, please visit: http://seleniumhq.org/exceptions/no_such_element.html
Build info: version: '3.7.1', revision: '8a0099a', time: '2017-11-06T21:01:39.354Z'
System info: host: 'DEV_TEST_JOYDIP', ip: '192.168.141.177', os.name: 'Windows 10', os.arch: 'amd64', os.version: '10.0', java.version: '1.8.0_181'
Driver info: org.openqa.selenium.chrome.ChromeDriver
Capabilities {acceptInsecureCerts: false, acceptSslCerts: false, applicationCacheEnabled: false, browserConnectionEnabled: false, browserName: chrome, chrome: {chromedriverVersion: 2.38.552522 (437e6fbedfa876..., userDataDir: C:\Users\JOYDIP~1.BHA\AppDa...}, cssSelectorsEnabled: true, databaseEnabled: false, handlesAlerts: true, hasTouchScreen: false, javascriptEnabled: true, locationContextEnabled: true, mobileEmulationEnabled: false, nativeEvents: true, networkConnectionEnabled: false, pageLoadStrategy: normal, platform: XP, platformName: XP, rotatable: false, setWindowRect: true, takesHeapSnapshot: true, takesScreenshot: true, unexpectedAlertBehaviour: , unhandledPromptBehavior: , version: 70.0.3538.102, webStorageEnabled: true}
Session ID: da64d1352cab5f3986d156cb78a34b15
*** Element info: {Using=xpath, value=//div[@id='inboxForm:j_id1579879931_9a41a3d']//div[@class='ui-selectonemenu-trigger ui-state-default ui-corner-right']}
at org.openqa.selenium.remote.ErrorHandler.createThrowable(ErrorHandler.java:214)
at org.openqa.selenium.remote.ErrorHandler.throwIfResponseFailed(ErrorHandler.java:166)
at org.openqa.selenium.remote.http.JsonHttpResponseCodec.reconstructValue(JsonHttpResponseCodec.java:40)
at org.openqa.selenium.remote.http.AbstractHttpResponseCodec.decode(AbstractHttpResponseCodec.java:80)
at org.openqa.selenium.remote.http.AbstractHttpResponseCodec.decode(AbstractHttpResponseCodec.java:44)
at org.openqa.selenium.remote.HttpCommandExecutor.execute(HttpCommandExecutor.java:164)
at org.openqa.selenium.remote.service.DriverCommandExecutor.execute(DriverCommandExecutor.java:83)
at org.openqa.selenium.remote.RemoteWebDriver.execute(RemoteWebDriver.java:600)
at org.openqa.selenium.remote.RemoteWebDriver.findElement(RemoteWebDriver.java:370)
at org.openqa.selenium.remote.RemoteWebDriver.findElementByXPath(RemoteWebDriver.java:472)
at org.openqa.selenium.By$ByXPath.findElement(By.java:361)
at org.openqa.selenium.remote.RemoteWebDriver.findElement(RemoteWebDriver.java:362)
at org.openqa.selenium.support.pagefactory.DefaultElementLocator.findElement(DefaultElementLocator.java:69)
at org.openqa.selenium.support.pagefactory.internal.LocatingElementHandler.invoke(LocatingElementHandler.java:38)
at com.sun.proxy.$Proxy13.getWrappedElement(Unknown Source)
at org.openqa.selenium.remote.internal.WebElementToJsonConverter.apply(WebElementToJsonConverter.java:51)
at com.google.common.collect.Iterators$6.transform(Iterators.java:820)
at com.google.common.collect.TransformedIterator.next(TransformedIterator.java:48)
at com.google.common.collect.Iterators.addAll(Iterators.java:373)
at com.google.common.collect.Lists.newArrayList(Lists.java:165)
at com.google.common.collect.Lists.newArrayList(Lists.java:150)
at org.openqa.selenium.remote.RemoteWebDriver.executeScript(RemoteWebDriver.java:534)
at GenericLibrary.CommonLibrary.HighlightOnElement(CommonLibrary.java:411)
at NRDA_RTI.ToverifyRTILoginASPIO.Toverifyfunctionalityofcreatefile(ToverifyRTILoginASPIO.java:693)
at NRDA_RTI.NRDA_RTILoginAsmanager.NRDA_RTI_SC_09_TC_20(NRDA_RTILoginAsmanager.java:228)
... Removed 28 stack frames]]>
    </failure>
  </testcase> <!-- NRDA_RTI_SC_09_TC_20 -->
  <testcase name="NRDA_RTI_SC_09_TC_17" time="0.0" classname="NRDA_RTI.NRDA_RTILoginAsmanager">
    <ignored/>
  </testcase> <!-- NRDA_RTI_SC_09_TC_17 -->
  <testcase name="NRDA_RTI_SC_09_TC_18" time="0.0" classname="NRDA_RTI.NRDA_RTILoginAsmanager">
    <ignored/>
  </testcase> <!-- NRDA_RTI_SC_09_TC_18 -->
  <testcase name="NRDA_RTI_SC_09_TC_07" time="0.0" classname="NRDA_RTI.NRDA_RTILoginAsmanager">
    <ignored/>
  </testcase> <!-- NRDA_RTI_SC_09_TC_07 -->
  <testcase name="NRDA_RTI_SC_09_TC_15" time="0.0" classname="NRDA_RTI.NRDA_RTILoginAsmanager">
    <ignored/>
  </testcase> <!-- NRDA_RTI_SC_09_TC_15 -->
  <testcase name="NRDA_RTI_SC_09_TC_16" time="0.0" classname="NRDA_RTI.NRDA_RTILoginAsmanager">
    <ignored/>
  </testcase> <!-- NRDA_RTI_SC_09_TC_16 -->
  <testcase name="NRDA_RTI_SC_09_TC_19" time="0.0" classname="NRDA_RTI.NRDA_RTILoginAsmanager">
    <ignored/>
  </testcase> <!-- NRDA_RTI_SC_09_TC_19 -->
  <testcase name="NRDA_RTI_SC_09_TC_02" time="0.0" classname="NRDA_RTI.NRDA_RTILoginAsmanager">
    <ignored/>
  </testcase> <!-- NRDA_RTI_SC_09_TC_02 -->
  <testcase name="NRDA_RTI_SC_09_TC_14" time="0.0" classname="NRDA_RTI.NRDA_RTILoginAsmanager">
    <ignored/>
  </testcase> <!-- NRDA_RTI_SC_09_TC_14 -->
  <testcase name="NRDA_RTI_SC_09_TC_11" time="0.0" classname="NRDA_RTI.NRDA_RTILoginAsmanager">
    <ignored/>
  </testcase> <!-- NRDA_RTI_SC_09_TC_11 -->
  <testcase name="NRDA_RTI_SC_09_TC_22" time="0.0" classname="NRDA_RTI.NRDA_RTILoginAsmanager">
    <ignored/>
  </testcase> <!-- NRDA_RTI_SC_09_TC_22 -->
  <testcase name="NRDA_RTI_SC_09_TC_23" time="0.0" classname="NRDA_RTI.NRDA_RTILoginAsmanager">
    <ignored/>
  </testcase> <!-- NRDA_RTI_SC_09_TC_23 -->
  <testcase name="NRDA_RTI_SC_09_TC_12" time="0.0" classname="NRDA_RTI.NRDA_RTILoginAsmanager">
    <ignored/>
  </testcase> <!-- NRDA_RTI_SC_09_TC_12 -->
  <testcase name="NRDA_RTI_SC_09_TC_01" time="0.0" classname="NRDA_RTI.NRDA_RTILoginAsmanager">
    <ignored/>
  </testcase> <!-- NRDA_RTI_SC_09_TC_01 -->
</testsuite> <!-- Test1 -->
