<?xml version="1.0" encoding="UTF-8"?>
<!-- Generated by org.testng.reporters.JUnitReportReporter -->
<testsuite skipped="2" hostname="DEV_TEST_JOYDIP" name="NRDA_RTI.NRDA_RTILoginAsEmployee" tests="14" failures="0" timestamp="03 Dec 2018 11:54:37 GMT" time="2997.250" errors="1">
  <testcase name="NRDA_RTI_SC_12_TC_01" time="23.867" classname="NRDA_RTI.NRDA_RTILoginAsEmployee"/>
  <testcase name="NRDA_RTI_SC_12_TC_02" time="34.239" classname="NRDA_RTI.NRDA_RTILoginAsEmployee"/>
  <testcase name="NRDA_RTI_SC_12_TC_03" time="41.915" classname="NRDA_RTI.NRDA_RTILoginAsEmployee"/>
  <testcase name="NRDA_RTI_SC_12_TC_04" time="250.017" classname="NRDA_RTI.NRDA_RTILoginAsEmployee"/>
  <testcase name="NRDA_RTI_SC_12_TC_10" time="250.981" classname="NRDA_RTI.NRDA_RTILoginAsEmployee"/>
  <testcase name="NRDA_RTI_SC_12_TC_11" time="258.996" classname="NRDA_RTI.NRDA_RTILoginAsEmployee"/>
  <testcase name="NRDA_RTI_SC_12_TC_12" time="263.107" classname="NRDA_RTI.NRDA_RTILoginAsEmployee"/>
  <testcase name="NRDA_RTI_SC_12_TC_13" time="265.138" classname="NRDA_RTI.NRDA_RTILoginAsEmployee"/>
  <testcase name="NRDA_RTI_SC_12_TC_14" time="266.434" classname="NRDA_RTI.NRDA_RTILoginAsEmployee"/>
  <testcase name="NRDA_RTI_SC_12_TC_16" time="281.429" classname="NRDA_RTI.NRDA_RTILoginAsEmployee"/>
  <testcase name="NRDA_RTI_SC_12_TC_15" time="296.851" classname="NRDA_RTI.NRDA_RTILoginAsEmployee"/>
  <testcase name="NRDA_RTI_SC_12_TC_17" time="253.060" classname="NRDA_RTI.NRDA_RTILoginAsEmployee">
    <skipped/>
  </testcase> <!-- NRDA_RTI_SC_12_TC_17 -->
  <testcase name="NRDA_RTI_SC_12_TC_17" time="255.825" classname="NRDA_RTI.NRDA_RTILoginAsEmployee">
    <skipped/>
  </testcase> <!-- NRDA_RTI_SC_12_TC_17 -->
  <testcase name="NRDA_RTI_SC_12_TC_17" time="255.391" classname="NRDA_RTI.NRDA_RTILoginAsEmployee">
    <error type="org.openqa.selenium.WebDriverException" message="unknown error: Element &lt;span class=&quot;ui-button-text ui-c&quot; style=&quot;color: blue; border: 2px solid Magenta;&quot;&gt;...&lt;/span&gt; is not clickable at point (788, 581). Other element would receive the click: &lt;div id=&quot;j_id3344373_11839894_modal&quot; class=&quot;ui-widget-overlay&quot; style=&quot;width: 1364px; height: 841px; z-index: 1002;&quot;&gt;&lt;/div&gt;
  (Session info: chrome=70.0.3538.110)
  (Driver info: chromedriver=2.38.552522 (437e6fbedfa8762dec75e2c5b3ddb86763dc9dcb),platform=Windows NT 10.0.10240 x86_64) (WARNING: The server did not provide any stacktrace information)
Command duration or timeout: 0 milliseconds
Build info: version: &#039;3.7.1&#039;, revision: &#039;8a0099a&#039;, time: &#039;2017-11-06T21:01:39.354Z&#039;
System info: host: &#039;DEV_TEST_JOYDIP&#039;, ip: &#039;192.168.141.177&#039;, os.name: &#039;Windows 10&#039;, os.arch: &#039;amd64&#039;, os.version: &#039;10.0&#039;, java.version: &#039;1.8.0_181&#039;
Driver info: org.openqa.selenium.chrome.ChromeDriver
Capabilities {acceptInsecureCerts: false, acceptSslCerts: false, applicationCacheEnabled: false, browserConnectionEnabled: false, browserName: chrome, chrome: {chromedriverVersion: 2.38.552522 (437e6fbedfa876..., userDataDir: C:\Users\JOYDIP~1.BHA\AppDa...}, cssSelectorsEnabled: true, databaseEnabled: false, handlesAlerts: true, hasTouchScreen: false, javascriptEnabled: true, locationContextEnabled: true, mobileEmulationEnabled: false, nativeEvents: true, networkConnectionEnabled: false, pageLoadStrategy: normal, platform: XP, platformName: XP, rotatable: false, setWindowRect: true, takesHeapSnapshot: true, takesScreenshot: true, unexpectedAlertBehaviour: , unhandledPromptBehavior: , version: 70.0.3538.110, webStorageEnabled: true}
Session ID: 83c9ebb8880ffffaa75a408e49459617">
      <![CDATA[org.openqa.selenium.WebDriverException: unknown error: Element <span class="ui-button-text ui-c" style="color: blue; border: 2px solid Magenta;">...</span> is not clickable at point (788, 581). Other element would receive the click: <div id="j_id3344373_11839894_modal" class="ui-widget-overlay" style="width: 1364px; height: 841px; z-index: 1002;"></div>
  (Session info: chrome=70.0.3538.110)
  (Driver info: chromedriver=2.38.552522 (437e6fbedfa8762dec75e2c5b3ddb86763dc9dcb),platform=Windows NT 10.0.10240 x86_64) (WARNING: The server did not provide any stacktrace information)
Command duration or timeout: 0 milliseconds
Build info: version: '3.7.1', revision: '8a0099a', time: '2017-11-06T21:01:39.354Z'
System info: host: 'DEV_TEST_JOYDIP', ip: '192.168.141.177', os.name: 'Windows 10', os.arch: 'amd64', os.version: '10.0', java.version: '1.8.0_181'
Driver info: org.openqa.selenium.chrome.ChromeDriver
Capabilities {acceptInsecureCerts: false, acceptSslCerts: false, applicationCacheEnabled: false, browserConnectionEnabled: false, browserName: chrome, chrome: {chromedriverVersion: 2.38.552522 (437e6fbedfa876..., userDataDir: C:\Users\JOYDIP~1.BHA\AppDa...}, cssSelectorsEnabled: true, databaseEnabled: false, handlesAlerts: true, hasTouchScreen: false, javascriptEnabled: true, locationContextEnabled: true, mobileEmulationEnabled: false, nativeEvents: true, networkConnectionEnabled: false, pageLoadStrategy: normal, platform: XP, platformName: XP, rotatable: false, setWindowRect: true, takesHeapSnapshot: true, takesScreenshot: true, unexpectedAlertBehaviour: , unhandledPromptBehavior: , version: 70.0.3538.110, webStorageEnabled: true}
Session ID: 83c9ebb8880ffffaa75a408e49459617
at sun.reflect.NativeConstructorAccessorImpl.newInstance0(Native Method)
at sun.reflect.NativeConstructorAccessorImpl.newInstance(NativeConstructorAccessorImpl.java:62)
at sun.reflect.DelegatingConstructorAccessorImpl.newInstance(DelegatingConstructorAccessorImpl.java:45)
at java.lang.reflect.Constructor.newInstance(Constructor.java:423)
at org.openqa.selenium.remote.ErrorHandler.createThrowable(ErrorHandler.java:214)
at org.openqa.selenium.remote.ErrorHandler.throwIfResponseFailed(ErrorHandler.java:166)
at org.openqa.selenium.remote.http.JsonHttpResponseCodec.reconstructValue(JsonHttpResponseCodec.java:40)
at org.openqa.selenium.remote.http.AbstractHttpResponseCodec.decode(AbstractHttpResponseCodec.java:80)
at org.openqa.selenium.remote.http.AbstractHttpResponseCodec.decode(AbstractHttpResponseCodec.java:44)
at org.openqa.selenium.remote.HttpCommandExecutor.execute(HttpCommandExecutor.java:164)
at org.openqa.selenium.remote.service.DriverCommandExecutor.execute(DriverCommandExecutor.java:83)
at org.openqa.selenium.remote.RemoteWebDriver.execute(RemoteWebDriver.java:600)
at org.openqa.selenium.remote.RemoteWebElement.execute(RemoteWebElement.java:279)
at org.openqa.selenium.remote.RemoteWebElement.click(RemoteWebElement.java:83)
at sun.reflect.GeneratedMethodAccessor7.invoke(Unknown Source)
at sun.reflect.DelegatingMethodAccessorImpl.invoke(DelegatingMethodAccessorImpl.java:43)
at java.lang.reflect.Method.invoke(Method.java:498)
at org.openqa.selenium.support.pagefactory.internal.LocatingElementHandler.invoke(LocatingElementHandler.java:51)
at com.sun.proxy.$Proxy14.click(Unknown Source)
at NRDA_RTI.ToverifyRTILoginAsEmployee.toverifythefunctionalityofclosebutton(ToverifyRTILoginAsEmployee.java:318)
at NRDA_RTI.NRDA_RTILoginAsEmployee.NRDA_RTI_SC_12_TC_17(NRDA_RTILoginAsEmployee.java:234)
at sun.reflect.NativeMethodAccessorImpl.invoke0(Native Method)
at sun.reflect.NativeMethodAccessorImpl.invoke(NativeMethodAccessorImpl.java:62)
at sun.reflect.DelegatingMethodAccessorImpl.invoke(DelegatingMethodAccessorImpl.java:43)
at java.lang.reflect.Method.invoke(Method.java:498)
at org.testng.internal.MethodInvocationHelper.invokeMethod(MethodInvocationHelper.java:124)
at org.testng.internal.Invoker.invokeMethod(Invoker.java:580)
at org.testng.internal.Invoker.retryFailed(Invoker.java:838)
at org.testng.internal.Invoker.invokeTestMethods(Invoker.java:1009)
at org.testng.internal.TestMethodWorker.invokeTestMethods(TestMethodWorker.java:125)
at org.testng.internal.TestMethodWorker.run(TestMethodWorker.java:109)
at org.testng.TestRunner.privateRun(TestRunner.java:648)
at org.testng.TestRunner.run(TestRunner.java:505)
at org.testng.SuiteRunner.runTest(SuiteRunner.java:455)
at org.testng.SuiteRunner.runSequentially(SuiteRunner.java:450)
at org.testng.SuiteRunner.privateRun(SuiteRunner.java:415)
at org.testng.SuiteRunner.run(SuiteRunner.java:364)
at org.testng.SuiteRunnerWorker.runSuite(SuiteRunnerWorker.java:52)
at org.testng.SuiteRunnerWorker.run(SuiteRunnerWorker.java:84)
at org.testng.TestNG.runSuitesSequentially(TestNG.java:1208)
at org.testng.TestNG.runSuitesLocally(TestNG.java:1137)
at org.testng.TestNG.runSuites(TestNG.java:1049)
at org.testng.TestNG.run(TestNG.java:1017)
at org.testng.remote.AbstractRemoteTestNG.run(AbstractRemoteTestNG.java:114)
at org.testng.remote.RemoteTestNG.initAndRun(RemoteTestNG.java:251)
at org.testng.remote.RemoteTestNG.main(RemoteTestNG.java:77)
]]>
    </error>
  </testcase> <!-- NRDA_RTI_SC_12_TC_17 -->
</testsuite> <!-- NRDA_RTI.NRDA_RTILoginAsEmployee -->
